<?xml version="1.0" encoding="UTF-8"?>
<!-- Generated by org.testng.reporters.JUnitReportReporter -->
<testsuite hostname="DESKTOP-QQS5BR8" failures="0" tests="8" name="authentication.AuthTest" time="58.186" errors="0" timestamp="2026-01-23T21:27:21 AST" skipped="0">
  <testcase classname="authentication.AuthTest" name="clickToMove" time="2.659"/>
  <testcase classname="authentication.AuthTest" name="signUp" time="0.149"/>
  <testcase classname="authentication.AuthTest" name="signUpTitleInfo" time="1.396"/>
  <testcase classname="authentication.AuthTest" name="signUpAddressInfo" time="0.570"/>
  <testcase classname="authentication.AuthTest" name="createProcess" time="2.478"/>
  <testcase classname="authentication.AuthTest" name="logOut" time="36.611"/>
  <testcase classname="authentication.AuthTest" name="logIn" time="0.150"/>
  <testcase classname="authentication.AuthTest" name="deleteAccount" time="14.173"/>
</testsuite> <!-- authentication.AuthTest -->
